SF:lib/app_module.dart
DA:8,1
DA:9,1
DA:10,3
DA:13,1
DA:14,1
DA:15,2
DA:16,2
DA:17,2
LF:8
LH:8
end_of_record
SF:lib/main.dart
DA:5,0
DA:6,0
DA:7,0
DA:13,3
DA:15,1
DA:17,1
DA:19,2
DA:20,2
LF:8
LH:5
end_of_record
SF:lib/module/folder/folder_page.dart
DA:9,4
DA:11,2
DA:12,2
DA:16,2
DA:18,2
DA:19,2
DA:23,2
DA:24,6
DA:25,2
DA:26,2
DA:29,1
DA:30,2
DA:31,1
DA:32,1
DA:33,1
DA:38,1
DA:39,1
DA:40,0
DA:41,0
DA:42,0
DA:50,1
DA:51,1
DA:53,1
DA:56,1
DA:57,3
DA:63,1
DA:64,4
DA:65,0
DA:66,0
DA:74,2
DA:76,1
DA:77,2
DA:78,0
DA:79,0
LF:34
LH:27
end_of_record
SF:lib/entities/database.dart
DA:13,1
DA:15,2
DA:16,0
DA:17,0
DA:19,0
LF:5
LH:2
end_of_record
SF:lib/module/folder/folder_module.dart
DA:8,1
DA:9,1
DA:10,4
DA:11,4
DA:14,1
DA:15,1
DA:16,5
DA:17,2
LF:8
LH:8
end_of_record
SF:lib/module/splash_page.dart
DA:4,2
DA:6,1
DA:7,1
DA:11,1
DA:13,2
LF:5
LH:5
end_of_record
SF:lib/module/task/task_module.dart
DA:7,1
DA:8,1
DA:9,1
DA:10,1
DA:13,1
DA:14,1
DA:15,1
DA:16,0
DA:17,0
LF:9
LH:7
end_of_record
SF:lib/module/folder/create/folder_create_controller.dart
DA:9,0
DA:11,0
DA:16,0
DA:20,0
DA:22,0
LF:5
LH:0
end_of_record
SF:lib/services/folder_service.dart
DA:9,1
DA:11,1
DA:12,3
DA:13,0
DA:14,0
DA:17,0
DA:18,0
DA:19,0
DA:20,0
DA:21,0
DA:26,0
DA:27,0
DA:28,0
DA:29,0
DA:33,0
DA:34,0
DA:35,0
DA:36,0
DA:38,0
DA:39,0
DA:40,0
DA:42,0
DA:44,0
DA:47,0
LF:24
LH:3
end_of_record
SF:lib/module/folder/create/folder_create_module.dart
DA:6,1
DA:7,1
DA:8,1
DA:11,1
DA:12,1
DA:13,1
LF:6
LH:6
end_of_record
SF:lib/module/folder/create/folder_create_page.dart
DA:8,1
DA:10,1
DA:11,1
DA:18,1
DA:20,2
DA:21,2
DA:22,1
DA:25,1
DA:27,1
DA:28,1
DA:31,1
DA:33,1
DA:34,1
DA:35,1
DA:36,1
DA:37,1
DA:38,1
DA:40,1
DA:41,1
DA:46,1
DA:47,1
DA:50,1
DA:51,1
DA:53,1
DA:54,1
DA:60,1
DA:61,0
DA:62,0
DA:63,0
LF:29
LH:26
end_of_record
SF:lib/widget/button_loading.dart
DA:16,1
DA:27,1
DA:28,1
DA:30,1
DA:31,1
DA:39,1
DA:41,1
DA:42,2
DA:43,9
DA:46,1
DA:48,2
DA:49,1
DA:52,1
DA:54,1
DA:55,1
DA:56,1
DA:57,1
DA:58,1
DA:59,3
DA:60,4
DA:62,2
DA:63,2
DA:64,1
DA:65,1
DA:67,0
DA:68,0
DA:70,0
DA:71,0
DA:74,0
DA:75,0
DA:76,0
DA:77,0
DA:79,0
DA:80,0
DA:83,1
DA:84,0
DA:85,0
DA:86,0
DA:87,0
DA:94,1
DA:95,2
DA:96,1
DA:97,2
DA:98,3
LF:44
LH:30
end_of_record
SF:lib/module/folder/folder_controller.dart
DA:8,1
DA:10,1
DA:12,3
DA:13,0
DA:16,0
DA:17,0
DA:21,0
DA:23,0
DA:25,0
LF:9
LH:3
end_of_record
SF:lib/widget/button.dart
DA:4,1
DA:8,1
LF:2
LH:2
end_of_record
SF:lib/module/task/task_controller.dart
DA:16,0
DA:17,0
DA:18,0
DA:19,0
DA:22,0
DA:28,0
DA:29,0
DA:30,0
DA:35,0
DA:36,0
DA:37,0
DA:38,0
DA:46,0
DA:47,0
DA:49,0
DA:50,0
DA:52,0
DA:57,0
DA:59,0
DA:61,0
DA:66,0
DA:68,0
DA:70,0
DA:71,0
DA:72,0
DA:73,0
DA:75,0
DA:77,0
DA:81,0
DA:86,0
DA:87,0
DA:88,0
DA:91,0
DA:92,0
DA:95,0
DA:97,0
DA:100,0
DA:102,0
DA:104,0
DA:105,0
DA:107,0
DA:108,0
DA:110,0
DA:113,0
DA:119,0
DA:121,0
LF:46
LH:0
end_of_record
SF:lib/services/task_service.dart
DA:9,0
DA:11,0
DA:12,0
DA:13,0
DA:14,0
DA:17,0
DA:18,0
DA:19,0
DA:20,0
DA:21,0
DA:22,0
DA:23,0
DA:25,0
DA:29,0
DA:30,0
DA:31,0
DA:32,0
DA:34,0
DA:35,0
DA:38,0
DA:41,0
DA:46,0
DA:47,0
DA:48,0
DA:49,0
DA:52,0
DA:56,0
DA:57,0
DA:58,0
DA:59,0
LF:30
LH:0
end_of_record
SF:lib/module/task/task_page.dart
DA:10,2
DA:12,1
DA:13,1
DA:19,1
DA:21,2
DA:22,1
DA:25,1
DA:27,1
DA:28,1
DA:30,5
DA:31,1
DA:32,2
DA:33,1
DA:34,4
DA:35,0
DA:36,0
DA:37,0
DA:38,0
DA:43,0
DA:49,1
DA:50,1
DA:51,3
DA:52,1
DA:53,1
DA:55,4
DA:56,0
DA:57,0
DA:58,0
DA:59,0
DA:60,0
DA:66,1
DA:67,2
DA:68,1
LF:33
LH:23
end_of_record
SF:lib/module/task/widgets/task_tile.dart
DA:8,0
DA:10,0
DA:12,0
DA:13,0
DA:14,0
DA:15,0
DA:16,0
LF:7
LH:0
end_of_record
SF:lib/module/task/widgets/text_field_task.dart
DA:8,1
DA:10,1
DA:11,1
DA:17,1
DA:19,2
DA:20,1
DA:23,0
DA:24,0
DA:25,0
DA:26,0
DA:27,0
DA:28,0
DA:35,1
DA:37,1
DA:39,1
DA:40,1
DA:41,1
DA:42,1
DA:47,1
DA:48,1
DA:53,1
DA:54,1
DA:61,1
DA:62,1
DA:63,1
DA:64,1
DA:65,1
DA:74,1
DA:77,1
DA:82,1
LF:30
LH:24
end_of_record
SF:lib/view_models/folder_model.dart
DA:11,2
DA:16,2
DA:17,4
DA:19,1
DA:20,1
DA:21,1
DA:22,1
DA:23,1
DA:24,1
DA:28,1
DA:29,1
DA:30,2
DA:31,2
DA:32,2
DA:33,2
DA:36,1
DA:42,1
DA:43,1
DA:44,1
DA:45,1
DA:46,1
DA:50,1
DA:52,5
LF:23
LH:23
end_of_record
SF:lib/view_models/task_model.dart
DA:17,1
DA:26,1
DA:27,2
DA:29,1
DA:30,1
DA:31,1
DA:32,1
DA:33,1
DA:34,1
DA:35,1
DA:36,1
DA:37,1
DA:38,1
DA:42,1
DA:43,1
DA:44,2
DA:45,2
DA:46,2
DA:47,2
DA:48,2
DA:49,2
DA:50,2
DA:51,2
DA:54,1
DA:64,2
DA:66,1
DA:68,1
DA:69,1
DA:70,1
DA:71,1
DA:72,1
DA:73,1
DA:74,1
DA:75,1
DA:76,1
DA:80,1
DA:82,9
LF:37
LH:37
end_of_record
